<?xml version="1.0" encoding="UTF-8"?>
<testng-results ignored="0" total="1" passed="1" failed="0" skipped="0">
  <reporter-output>
  </reporter-output>
  <suite started-at="2023-01-05T20:01:04 IST" name="Suite" finished-at="2023-01-05T20:01:06 IST" duration-ms="1914">
    <groups>
    </groups>
    <test started-at="2023-01-05T20:01:04 IST" name="Test" finished-at="2023-01-05T20:01:06 IST" duration-ms="1914">
      <class name="TestNGProgram.ReadDatafromexcel_3jan">
        <test-method signature="ReadExcel()[pri:0, instance:TestNGProgram.ReadDatafromexcel_3jan@7c729a55]" started-at="2023-01-05T20:01:04 IST" name="ReadExcel" finished-at="2023-01-05T20:01:06 IST" duration-ms="1818" status="PASS">
          <reporter-output>
          </reporter-output>
        </test-method> <!-- ReadExcel -->
      </class> <!-- TestNGProgram.ReadDatafromexcel_3jan -->
    </test> <!-- Test -->
  </suite> <!-- Suite -->
</testng-results>
