<?xml version="1.0" encoding="UTF-8"?>
<!-- Generated by org.testng.reporters.JUnitXMLReporter -->
<testsuite ignored="0" hostname="DESKTOP-VUGG11B" failures="0" tests="12" name="Default test" time="337.863" errors="0" timestamp="2023-01-02T15:12:07 IST">
  <testcase classname="TestNGProgram.Day8_DPTest1" name="AccountTest" time="0.043"/>
  <testcase classname="TestNGProgram.Day8_DPTest1" name="AccountTest" time="0.004"/>
  <testcase classname="TestNGProgram.Day8_DPTest1" name="AccountTest" time="0.007"/>
  <testcase classname="TestNGProgram.Day8_DPTest1" name="FaceBookLogin" time="15.616"/>
  <testcase classname="TestNGProgram.Day8_DPTest1" name="FaceBookLogin" time="24.023"/>
  <testcase classname="TestNGProgram.Day8_DPTest1" name="FaceBookLogin" time="39.706"/>
  <testcase classname="TestNGProgram.Day8_DPTest1" name="FaceBookLogin" time="52.913"/>
  <testcase classname="TestNGProgram.Day8_DPTest1" name="FaceBookLogin" time="46.622"/>
  <testcase classname="TestNGProgram.Day8_DPTest1" name="FaceBookLogin" time="51.8"/>
  <testcase classname="TestNGProgram.Day8_DPTest1" name="FaceBookLogin" time="55.679"/>
  <testcase classname="TestNGProgram.Day8_DPTest1" name="FaceBookLogin" time="51.239"/>
  <testcase classname="TestNGProgram.Day8_DPTest1" name="SkipTest" time="0.003">
    <skipped/>
  </testcase> <!-- SkipTest -->
</testsuite> <!-- Default test -->
